-------------------------------------------------------------------------------
Test set: runner.TestRunner
-------------------------------------------------------------------------------
Tests run: 13, Failures: 1, Errors: 0, Skipped: 0, Time elapsed: 58.059 s <<< FAILURE! - in runner.TestRunner
Login with valid email and  invalid password(Login Functionality)  Time elapsed: 4.234 s  <<< FAILURE!
java.lang.AssertionError

