<?xml version="1.0" encoding="UTF-8"?>
<testsuite xmlns:xsi="http://www.w3.org/2001/XMLSchema-instance" xsi:noNamespaceSchemaLocation="https://maven.apache.org/surefire/maven-surefire-plugin/xsd/surefire-test-report.xsd" name="runner.TestRunner" time="58.059" tests="13" errors="0" skipped="0" failures="1">
  <properties>
[...]
</properties>
  <testcase name="Login with valid credentials #1" classname="Login Functionality" time="4.943"/>
  <testcase name="Login with valid credentials #2" classname="Login Functionality" time="3.926"/>
  <testcase name="Login with invalid credentials" classname="Login Functionality" time="3.917"/>
  <testcase name="Login with valid email and  invalid password" classname="Login Functionality" time="4.234">
    <failure type="java.lang.AssertionError">java.lang.AssertionError
</failure>
    <system-out><![CDATA[
Scenario: Login with valid email and  invalid password                         &amp#27;[90m# src/test/resources/features/Login.feature:21&amp#27;[0m
  &amp#27;[32mGiven &amp#27;[0m&amp#27;[32mUser navigates to login page&amp#27;[0m                                           &amp#27;[90m# stepdefinations.Login.user_navigates_to_login_page()&amp#27;[0m
  &amp#27;[32mWhen &amp#27;[0m&amp#27;[32mUser enters valid EmailAddress &amp#27;[0m&amp#27;[32m&amp#27;[1m"Sravank5160@gmail.com"&amp#27;[0m&amp#27;[32m into email field&amp#27;[0m &amp#27;[90m# stepdefinations.Login.user_enters_valid_email_address_into_email_field(java.lang.String)&amp#27;[0m
  &amp#27;[32mAnd &amp#27;[0m&amp#27;[32mUser enters invaild Password &amp#27;[0m&amp#27;[32m&amp#27;[1m"Sravn@4164"&amp#27;[0m&amp#27;[32m into password field&amp#27;[0m            &amp#27;[90m# stepdefinations.Login.user_enters_invaild_password_into_password_field(java.lang.String)&amp#27;[0m
  &amp#27;[32mAnd &amp#27;[0m&amp#27;[32mUser clicks on login button&amp#27;[0m                                              &amp#27;[90m# stepdefinations.Login.user_clicks_on_login_button()&amp#27;[0m
  &amp#27;[31mThen &amp#27;[0m&amp#27;[31muser should get a warning message about credentails mismatch&amp#27;[0m            &amp#27;[90m# stepdefinations.Login.user_should_get_a_warning_message_about_credentails_mismatch()&amp#27;[0m
      &amp#27;[31mjava.lang.AssertionError
	at org.junit.Assert.fail(Assert.java:86)
	at org.junit.Assert.assertTrue(Assert.java:41)
	at org.junit.Assert.assertTrue(Assert.java:52)
	at stepdefinations.Login.user_should_get_a_warning_message_about_credentails_mismatch(Login.java:74)
	at âœ½.user should get a warning message about credentails mismatch(file:///C:/Users/DELL/eclipse-workspace/Tutorials_Ninja_Cucumber/src/test/resources/features/Login.feature:26)
&amp#27;[0m

    Embedding Login_with_valid_email_and__invalid_password [image/png 64666 bytes]

]]></system-out>
  </testcase>
  <testcase name="Login with invalid email and  valid password" classname="Login Functionality" time="4.302"/>
  <testcase name="Login without providing any credentials" classname="Login Functionality" time="3.815"/>
  <testcase name="User creates account only with mandatory fields" classname="Register Functionality" time="5.231"/>
  <testcase name="User creates account with all fields" classname="Register Functionality" time="5.325"/>
  <testcase name="User creates account with duplicate Email" classname="Register Functionality" time="5.6"/>
  <testcase name="User creates an account without filling any details" classname="Register Functionality" time="4.309"/>
  <testcase name="User searchs for a valid product" classname="Search Functionality" time="2.806"/>
  <testcase name="User searchs for a invalid product" classname="Search Functionality" time="2.81"/>
  <testcase name="User searchs without any product" classname="Search Functionality" time="2.634"/>
</testsuite>